[2022-05-13 11:12:16,573] {taskinstance.py:670} INFO - Dependencies all met for <TaskInstance: twitter_dag.twitter_aluraonline 2022-05-10T09:00:00+00:00 [queued]>
[2022-05-13 11:12:16,581] {taskinstance.py:670} INFO - Dependencies all met for <TaskInstance: twitter_dag.twitter_aluraonline 2022-05-10T09:00:00+00:00 [queued]>
[2022-05-13 11:12:16,581] {taskinstance.py:880} INFO - 
--------------------------------------------------------------------------------
[2022-05-13 11:12:16,581] {taskinstance.py:881} INFO - Starting attempt 2 of 2
[2022-05-13 11:12:16,581] {taskinstance.py:882} INFO - 
--------------------------------------------------------------------------------
[2022-05-13 11:12:16,590] {taskinstance.py:901} INFO - Executing <Task(TwitterOperator): twitter_aluraonline> on 2022-05-10T09:00:00+00:00
[2022-05-13 11:12:16,592] {standard_task_runner.py:54} INFO - Started process 26192 to run task
[2022-05-13 11:12:16,635] {standard_task_runner.py:77} INFO - Running: ['airflow', 'run', 'twitter_dag', 'twitter_aluraonline', '2022-05-10T09:00:00+00:00', '--job_id', '37', '--pool', 'default_pool', '--raw', '-sd', 'DAGS_FOLDER/twitter_dag.py', '--cfg_path', '/tmp/tmph6lt9zuk']
[2022-05-13 11:12:16,635] {standard_task_runner.py:78} INFO - Job 37: Subtask twitter_aluraonline
[2022-05-13 11:12:16,665] {logging_mixin.py:112} INFO - Running <TaskInstance: twitter_dag.twitter_aluraonline 2022-05-10T09:00:00+00:00 [running]> on host LAV3K867Z2L.interno.inflexion.com.br
[2022-05-13 11:12:16,703] {base_hook.py:89} INFO - Using connection to: id: twitter_default. Host: https://api.twitter.com, Port: None, Schema: None, Login: None, Password: None, extra: XXXXXXXX
[2022-05-13 11:12:16,704] {twitter_hook.py:55} INFO - URL: https://api.twitter.com/2/tweets/search/recent?query=AluraOnline&tweet.fields=author_id,conversation_id,created_at,id,in_reply_to_user_id,public_metrics,text&expansions=author_id&user.fields=id,name,username,created_at&start_time=2022-05-10T09:00:00.00Z&end_time=2022-05-11T09:00:00.00Z
[2022-05-13 11:12:16,760] {logging_mixin.py:112} WARNING - /home/william/Documentos/ESTUDOS/ALURA-ENGENHARIA_DADOS/datapipeline/.env/lib/python3.8/site-packages/urllib3/connectionpool.py:981: InsecureRequestWarning: Unverified HTTPS request is being made to host 'api.twitter.com'. Adding certificate verification is strongly advised. See: https://urllib3.readthedocs.io/en/latest/advanced-usage.html#ssl-warnings
  warnings.warn(
[2022-05-13 11:12:17,100] {twitter_hook.py:55} INFO - URL: https://api.twitter.com/2/tweets/search/recent?query=AluraOnline&tweet.fields=author_id,conversation_id,created_at,id,in_reply_to_user_id,public_metrics,text&expansions=author_id&user.fields=id,name,username,created_at&start_time=2022-05-10T09:00:00.00Z&end_time=2022-05-11T09:00:00.00Z&next_token=b26v89c19zqg8o3fpywmh0tga2jvui5upqchhawnhr3b1
[2022-05-13 11:12:17,101] {logging_mixin.py:112} WARNING - /home/william/Documentos/ESTUDOS/ALURA-ENGENHARIA_DADOS/datapipeline/.env/lib/python3.8/site-packages/urllib3/connectionpool.py:981: InsecureRequestWarning: Unverified HTTPS request is being made to host 'api.twitter.com'. Adding certificate verification is strongly advised. See: https://urllib3.readthedocs.io/en/latest/advanced-usage.html#ssl-warnings
  warnings.warn(
[2022-05-13 11:12:17,401] {twitter_hook.py:55} INFO - URL: https://api.twitter.com/2/tweets/search/recent?query=AluraOnline&tweet.fields=author_id,conversation_id,created_at,id,in_reply_to_user_id,public_metrics,text&expansions=author_id&user.fields=id,name,username,created_at&start_time=2022-05-10T09:00:00.00Z&end_time=2022-05-11T09:00:00.00Z&next_token=b26v89c19zqg8o3fpywmh0ry1b3ufgpa0nye2i8ck2pod
[2022-05-13 11:12:17,402] {logging_mixin.py:112} WARNING - /home/william/Documentos/ESTUDOS/ALURA-ENGENHARIA_DADOS/datapipeline/.env/lib/python3.8/site-packages/urllib3/connectionpool.py:981: InsecureRequestWarning: Unverified HTTPS request is being made to host 'api.twitter.com'. Adding certificate verification is strongly advised. See: https://urllib3.readthedocs.io/en/latest/advanced-usage.html#ssl-warnings
  warnings.warn(
[2022-05-13 11:12:17,709] {twitter_hook.py:55} INFO - URL: https://api.twitter.com/2/tweets/search/recent?query=AluraOnline&tweet.fields=author_id,conversation_id,created_at,id,in_reply_to_user_id,public_metrics,text&expansions=author_id&user.fields=id,name,username,created_at&start_time=2022-05-10T09:00:00.00Z&end_time=2022-05-11T09:00:00.00Z&next_token=b26v89c19zqg8o3fpywm2ee1fur35fxy0ljvi7i034tbx
[2022-05-13 11:12:17,711] {logging_mixin.py:112} WARNING - /home/william/Documentos/ESTUDOS/ALURA-ENGENHARIA_DADOS/datapipeline/.env/lib/python3.8/site-packages/urllib3/connectionpool.py:981: InsecureRequestWarning: Unverified HTTPS request is being made to host 'api.twitter.com'. Adding certificate verification is strongly advised. See: https://urllib3.readthedocs.io/en/latest/advanced-usage.html#ssl-warnings
  warnings.warn(
[2022-05-13 11:12:17,950] {taskinstance.py:1057} INFO - Marking task as SUCCESS.dag_id=twitter_dag, task_id=twitter_aluraonline, execution_date=20220510T090000, start_date=20220513T141216, end_date=20220513T141217
[2022-05-13 11:12:21,579] {local_task_job.py:102} INFO - Task exited with return code 0
